2012-01-08 20:45:21,599 [main] ERROR StackTrace  - Sanitizing stacktrace:
com.sun.org.apache.xerces.internal.impl.io.MalformedByteSequenceException: Invalid byte 2 of 2-byte UTF-8 sequence.
	at com.sun.org.apache.xerces.internal.impl.io.UTF8Reader.invalidByte(Unknown Source)
	at com.sun.org.apache.xerces.internal.impl.io.UTF8Reader.read(Unknown Source)
	at com.sun.org.apache.xerces.internal.impl.XMLEntityScanner.load(Unknown Source)
	at com.sun.org.apache.xerces.internal.impl.XMLEntityScanner.scanData(Unknown Source)
	at com.sun.org.apache.xerces.internal.impl.XMLScanner.scanComment(Unknown Source)
	at com.sun.org.apache.xerces.internal.impl.XMLDocumentFragmentScannerImpl.scanComment(Unknown Source)
	at com.sun.org.apache.xerces.internal.impl.XMLDocumentFragmentScannerImpl$FragmentContentDriver.next(Unknown Source)
	at com.sun.org.apache.xerces.internal.impl.XMLDocumentScannerImpl.next(Unknown Source)
	at com.sun.org.apache.xerces.internal.impl.XMLNSDocumentScannerImpl.next(Unknown Source)
	at com.sun.org.apache.xerces.internal.impl.XMLDocumentFragmentScannerImpl.scanDocument(Unknown Source)
	at com.sun.org.apache.xerces.internal.parsers.XML11Configuration.parse(Unknown Source)
	at com.sun.org.apache.xerces.internal.parsers.XML11Configuration.parse(Unknown Source)
	at com.sun.org.apache.xerces.internal.parsers.XMLParser.parse(Unknown Source)
	at com.sun.org.apache.xerces.internal.parsers.DOMParser.parse(Unknown Source)
	at com.sun.org.apache.xerces.internal.jaxp.DocumentBuilderImpl.parse(Unknown Source)
	at org.springframework.beans.factory.xml.DefaultDocumentLoader.loadDocument(DefaultDocumentLoader.java:75)
	at org.springframework.beans.factory.xml.XmlBeanDefinitionReader.doLoadBeanDefinitions(XmlBeanDefinitionReader.java:388)
	at org.springframework.beans.factory.xml.XmlBeanDefinitionReader.loadBeanDefinitions(XmlBeanDefinitionReader.java:334)
	at org.springframework.beans.factory.xml.XmlBeanDefinitionReader.loadBeanDefinitions(XmlBeanDefinitionReader.java:302)
	at org.springframework.beans.factory.support.AbstractBeanDefinitionReader.loadBeanDefinitions(AbstractBeanDefinitionReader.java:143)
	at org.springframework.beans.factory.support.AbstractBeanDefinitionReader.loadBeanDefinitions(AbstractBeanDefinitionReader.java:178)
	at org.springframework.beans.factory.support.AbstractBeanDefinitionReader.loadBeanDefinitions(AbstractBeanDefinitionReader.java:149)
	at org.springframework.web.context.support.XmlWebApplicationContext.loadBeanDefinitions(XmlWebApplicationContext.java:124)
	at org.springframework.web.context.support.XmlWebApplicationContext.loadBeanDefinitions(XmlWebApplicationContext.java:93)
	at org.springframework.context.support.AbstractRefreshableApplicationContext.refreshBeanFactory(AbstractRefreshableApplicationContext.java:130)
	at org.springframework.context.support.AbstractApplicationContext.obtainFreshBeanFactory(AbstractApplicationContext.java:467)
	at org.springframework.context.support.AbstractApplicationContext.refresh(AbstractApplicationContext.java:397)
	at org.springframework.web.context.ContextLoader.createWebApplicationContext(ContextLoader.java:276)
	at org.codehaus.groovy.grails.web.context.GrailsContextLoader.createWebApplicationContext(GrailsContextLoader.java:70)
	at org.springframework.web.context.ContextLoader.initWebApplicationContext(ContextLoader.java:197)
	at org.springframework.web.context.ContextLoaderListener.contextInitialized(ContextLoaderListener.java:47)
	at org.apache.catalina.core.StandardContext.listenerStart(StandardContext.java:4205)
	at org.apache.catalina.core.StandardContext.start(StandardContext.java:4704)
	at org.apache.catalina.core.ContainerBase.start(ContainerBase.java:1053)
	at org.apache.catalina.core.StandardHost.start(StandardHost.java:840)
	at org.apache.catalina.core.ContainerBase.start(ContainerBase.java:1053)
	at org.apache.catalina.core.StandardEngine.start(StandardEngine.java:463)
	at org.apache.catalina.startup.Embedded.start(Embedded.java:825)
	at com.staxnet.appserver.TomcatServerBase.startContainer(TomcatServerBase.java:120)
	at com.staxnet.appserver.TomcatServerBase.start(TomcatServerBase.java:190)
	at com.cloudbees.sdk.commands.ApplicationRun.execute(ApplicationRun.java:170)
	at com.cloudbees.sdk.commands.Command.run(Command.java:152)
	at com.cloudbees.sdk.Bees.run(Bees.java:74)
	at com.cloudbees.sdk.Bees.main(Bees.java:231)
	at sun.reflect.NativeMethodAccessorImpl.invoke0(Native Method)
	at sun.reflect.NativeMethodAccessorImpl.invoke(Unknown Source)
	at sun.reflect.DelegatingMethodAccessorImpl.invoke(Unknown Source)
	at java.lang.reflect.Method.invoke(Unknown Source)
	at com.cloudbees.sdk.boot.Launcher.main(Launcher.java:34)
2012-01-08 20:45:21,605 [main] ERROR StackTrace  - Sanitizing stacktrace:
org.springframework.beans.factory.BeanDefinitionStoreException: IOException parsing XML document from ServletContext resource [/WEB-INF/applicationContext.xml]; nested exception is com.sun.org.apache.xerces.internal.impl.io.MalformedByteSequenceException: Invalid byte 2 of 2-byte UTF-8 sequence.
	at org.springframework.beans.factory.xml.XmlBeanDefinitionReader.doLoadBeanDefinitions(XmlBeanDefinitionReader.java:408)
	at org.springframework.beans.factory.xml.XmlBeanDefinitionReader.loadBeanDefinitions(XmlBeanDefinitionReader.java:334)
	at org.springframework.beans.factory.xml.XmlBeanDefinitionReader.loadBeanDefinitions(XmlBeanDefinitionReader.java:302)
	at org.springframework.beans.factory.support.AbstractBeanDefinitionReader.loadBeanDefinitions(AbstractBeanDefinitionReader.java:143)
	at org.springframework.beans.factory.support.AbstractBeanDefinitionReader.loadBeanDefinitions(AbstractBeanDefinitionReader.java:178)
	at org.springframework.beans.factory.support.AbstractBeanDefinitionReader.loadBeanDefinitions(AbstractBeanDefinitionReader.java:149)
	at org.springframework.web.context.support.XmlWebApplicationContext.loadBeanDefinitions(XmlWebApplicationContext.java:124)
	at org.springframework.web.context.support.XmlWebApplicationContext.loadBeanDefinitions(XmlWebApplicationContext.java:93)
	at org.springframework.context.support.AbstractRefreshableApplicationContext.refreshBeanFactory(AbstractRefreshableApplicationContext.java:130)
	at org.springframework.context.support.AbstractApplicationContext.obtainFreshBeanFactory(AbstractApplicationContext.java:467)
	at org.springframework.context.support.AbstractApplicationContext.refresh(AbstractApplicationContext.java:397)
	at org.springframework.web.context.ContextLoader.createWebApplicationContext(ContextLoader.java:276)
	at org.codehaus.groovy.grails.web.context.GrailsContextLoader.createWebApplicationContext(GrailsContextLoader.java:70)
	at org.springframework.web.context.ContextLoader.initWebApplicationContext(ContextLoader.java:197)
	at org.springframework.web.context.ContextLoaderListener.contextInitialized(ContextLoaderListener.java:47)
	at org.apache.catalina.core.StandardContext.listenerStart(StandardContext.java:4205)
	at org.apache.catalina.core.StandardContext.start(StandardContext.java:4704)
	at org.apache.catalina.core.ContainerBase.start(ContainerBase.java:1053)
	at org.apache.catalina.core.StandardHost.start(StandardHost.java:840)
	at org.apache.catalina.core.ContainerBase.start(ContainerBase.java:1053)
	at org.apache.catalina.core.StandardEngine.start(StandardEngine.java:463)
	at org.apache.catalina.startup.Embedded.start(Embedded.java:825)
	at com.staxnet.appserver.TomcatServerBase.startContainer(TomcatServerBase.java:120)
	at com.staxnet.appserver.TomcatServerBase.start(TomcatServerBase.java:190)
	at com.cloudbees.sdk.commands.ApplicationRun.execute(ApplicationRun.java:170)
	at com.cloudbees.sdk.commands.Command.run(Command.java:152)
	at com.cloudbees.sdk.Bees.run(Bees.java:74)
	at com.cloudbees.sdk.Bees.main(Bees.java:231)
	at sun.reflect.NativeMethodAccessorImpl.invoke0(Native Method)
	at sun.reflect.NativeMethodAccessorImpl.invoke(Unknown Source)
	at sun.reflect.DelegatingMethodAccessorImpl.invoke(Unknown Source)
	at java.lang.reflect.Method.invoke(Unknown Source)
	at com.cloudbees.sdk.boot.Launcher.main(Launcher.java:34)
Caused by: com.sun.org.apache.xerces.internal.impl.io.MalformedByteSequenceException: Invalid byte 2 of 2-byte UTF-8 sequence.
	at com.sun.org.apache.xerces.internal.impl.io.UTF8Reader.invalidByte(Unknown Source)
	at com.sun.org.apache.xerces.internal.impl.io.UTF8Reader.read(Unknown Source)
	at com.sun.org.apache.xerces.internal.impl.XMLEntityScanner.load(Unknown Source)
	at com.sun.org.apache.xerces.internal.impl.XMLEntityScanner.scanData(Unknown Source)
	at com.sun.org.apache.xerces.internal.impl.XMLScanner.scanComment(Unknown Source)
	at com.sun.org.apache.xerces.internal.impl.XMLDocumentFragmentScannerImpl.scanComment(Unknown Source)
	at com.sun.org.apache.xerces.internal.impl.XMLDocumentFragmentScannerImpl$FragmentContentDriver.next(Unknown Source)
	at com.sun.org.apache.xerces.internal.impl.XMLDocumentScannerImpl.next(Unknown Source)
	at com.sun.org.apache.xerces.internal.impl.XMLNSDocumentScannerImpl.next(Unknown Source)
	at com.sun.org.apache.xerces.internal.impl.XMLDocumentFragmentScannerImpl.scanDocument(Unknown Source)
	at com.sun.org.apache.xerces.internal.parsers.XML11Configuration.parse(Unknown Source)
	at com.sun.org.apache.xerces.internal.parsers.XML11Configuration.parse(Unknown Source)
	at com.sun.org.apache.xerces.internal.parsers.XMLParser.parse(Unknown Source)
	at com.sun.org.apache.xerces.internal.parsers.DOMParser.parse(Unknown Source)
	at com.sun.org.apache.xerces.internal.jaxp.DocumentBuilderImpl.parse(Unknown Source)
	at com.staxnet.appserver.TomcatServerBase.startContainer(TomcatServerBase.java:120)
	at com.staxnet.appserver.TomcatServerBase.start(TomcatServerBase.java:190)
	at com.cloudbees.sdk.commands.ApplicationRun.execute(ApplicationRun.java:170)
	at com.cloudbees.sdk.commands.Command.run(Command.java:152)
	at com.cloudbees.sdk.Bees.run(Bees.java:74)
	at com.cloudbees.sdk.Bees.main(Bees.java:231)
	... 1 more
